TN:
SF:src/Circle.js
FN:12,calculateArea
FNF:1
FNH:1
FNDA:4,calculateArea
DA:13,4
DA:14,4
DA:15,4
DA:18,1
LF:4
LH:4
BRF:0
BRH:0
end_of_record
TN:
SF:src/media.js
FN:10,mediaAluno
FNF:1
FNH:1
FNDA:3,mediaAluno
DA:11,3
DA:12,3
DA:13,3
DA:15,3
DA:17,3
DA:20,1
LF:6
LH:6
BRF:0
BRH:0
end_of_record
TN:
SF:src/somarValores.js
FN:11,somarValores
FN:19,(anonymous_1)
FN:21,(anonymous_2)
FNF:3
FNH:3
FNDA:1,somarValores
FNDA:1,(anonymous_1)
FNDA:1,(anonymous_2)
DA:9,1
DA:12,1
DA:19,1
DA:20,1
DA:21,1
DA:22,1
DA:23,1
DA:24,1
DA:25,1
DA:30,1
LF:10
LH:10
BRF:0
BRH:0
end_of_record
TN:
SF:src/sum.js
FN:10,sum
FNF:1
FNH:1
FNDA:5,sum
DA:11,5
DA:14,1
DA:15,1
DA:16,1
DA:18,1
LF:5
LH:5
BRF:0
BRH:0
end_of_record
