TN:
SF:src/Bhaskara.js
FN:9,calcularRaizes
FNF:1
FNH:0
FNDA:0,calcularRaizes
DA:11,0
DA:14,0
DA:17,0
DA:18,0
DA:21,0
DA:22,0
DA:23,0
DA:27,0
DA:31,0
LF:9
LH:0
BRDA:17,0,0,0
BRDA:17,0,1,0
BRDA:17,1,0,0
BRDA:17,1,1,0
BRF:4
BRH:0
end_of_record
TN:
SF:src/Circle.js
FN:12,calculateArea
FNF:1
FNH:0
FNDA:0,calculateArea
DA:13,0
DA:14,0
DA:15,0
DA:18,0
LF:4
LH:0
BRF:0
BRH:0
end_of_record
TN:
SF:src/intervalo.js
FN:13,verificarIntervalo
FNF:1
FNH:0
FNDA:0,verificarIntervalo
DA:14,0
DA:15,0
DA:16,0
DA:17,0
DA:18,0
DA:19,0
DA:20,0
DA:21,0
DA:23,0
DA:27,0
LF:10
LH:0
BRDA:14,0,0,0
BRDA:14,0,1,0
BRDA:14,1,0,0
BRDA:14,1,1,0
BRDA:16,2,0,0
BRDA:16,2,1,0
BRDA:16,3,0,0
BRDA:16,3,1,0
BRDA:18,4,0,0
BRDA:18,4,1,0
BRDA:18,5,0,0
BRDA:18,5,1,0
BRDA:20,6,0,0
BRDA:20,6,1,0
BRDA:20,7,0,0
BRDA:20,7,1,0
BRF:16
BRH:0
end_of_record
TN:
SF:src/media.js
FN:10,mediaAluno
FNF:1
FNH:0
FNDA:0,mediaAluno
DA:11,0
DA:12,0
DA:13,0
DA:15,0
DA:17,0
DA:20,0
LF:6
LH:0
BRF:0
BRH:0
end_of_record
TN:
SF:src/selecao.js
FN:9,verificarValores
FN:10,(anonymous_1)
FNF:2
FNH:2
FNDA:4,verificarValores
FNDA:16,(anonymous_1)
DA:10,16
DA:12,4
DA:13,1
DA:15,3
DA:19,1
LF:5
LH:5
BRDA:12,0,0,1
BRDA:12,0,1,3
BRDA:12,1,0,4
BRDA:12,1,1,2
BRDA:12,1,2,2
BRDA:12,1,3,1
BRDA:12,1,4,1
BRDA:12,1,5,1
BRF:8
BRH:8
end_of_record
TN:
SF:src/somarValores.js
FN:11,somarValores
FN:19,(anonymous_1)
FN:21,(anonymous_2)
FNF:3
FNH:0
FNDA:0,somarValores
FNDA:0,(anonymous_1)
FNDA:0,(anonymous_2)
DA:9,0
DA:12,0
DA:19,0
DA:20,0
DA:21,0
DA:22,0
DA:23,0
DA:24,0
DA:25,0
DA:30,0
LF:10
LH:0
BRF:0
BRH:0
end_of_record
TN:
SF:src/sum.js
FN:10,sum
FNF:1
FNH:0
FNDA:0,sum
DA:11,0
DA:14,0
DA:15,0
DA:16,0
DA:18,0
LF:5
LH:0
BRF:0
BRH:0
end_of_record
